[debug] [2024-03-04T19:27:18.112Z] ----------------------------------------------------------------------
[debug] [2024-03-04T19:27:18.113Z] Command:       /usr/local/bin/node /usr/local/bin/firebase init
[debug] [2024-03-04T19:27:18.113Z] CLI Version:   13.1.0
[debug] [2024-03-04T19:27:18.113Z] Platform:      darwin
[debug] [2024-03-04T19:27:18.113Z] Node Version:  v18.17.1
[debug] [2024-03-04T19:27:18.114Z] Time:          Tue Mar 05 2024 00:57:18 GMT+0530 (India Standard Time)
[debug] [2024-03-04T19:27:18.114Z] ----------------------------------------------------------------------
[debug] 
[debug] [2024-03-04T19:27:18.115Z] >>> [apiv2][query] GET https://firebase-public.firebaseio.com/cli.json [none]
[debug] [2024-03-04T19:27:18.167Z] > command requires scopes: ["email","openid","https://www.googleapis.com/auth/cloudplatformprojects.readonly","https://www.googleapis.com/auth/firebase","https://www.googleapis.com/auth/cloud-platform"]
[debug] [2024-03-04T19:27:18.167Z] > authorizing via signed-in user (ivisheshrajput@gmail.com)
[info] 
     ######## #### ########  ######## ########     ###     ######  ########
     ##        ##  ##     ## ##       ##     ##  ##   ##  ##       ##
     ######    ##  ########  ######   ########  #########  ######  ######
     ##        ##  ##    ##  ##       ##     ## ##     ##       ## ##
     ##       #### ##     ## ######## ########  ##     ##  ######  ########

You're about to initialize a Firebase project in this directory:

  /Users/visheshrajput/Desktop/Cinebility/Cinebility

Before we get started, keep in mind:

  * You are initializing within an existing Firebase project directory

[debug] [2024-03-04T19:27:19.404Z] <<< [apiv2][status] GET https://firebase-public.firebaseio.com/cli.json 200
[debug] [2024-03-04T19:27:19.405Z] <<< [apiv2][body] GET https://firebase-public.firebaseio.com/cli.json {"cloudBuildErrorAfter":1594252800000,"cloudBuildWarnAfter":1590019200000,"defaultNode10After":1594252800000,"minVersion":"3.0.5","node8DeploysDisabledAfter":1613390400000,"node8RuntimeDisabledAfter":1615809600000,"node8WarnAfter":1600128000000}
